$ nest start
◇ injected env (7) from .env // tip: ◈ encrypted .env [www.dotenvx.com]
◇ injected env (0) from .env // tip: ⌁ auth for agents [www.vestauth.com]
◇ injected env (0) from .env // tip: ◈ secrets for agents [www.dotenvx.com]
◇ injected env (0) from .env // tip: ⌘ custom filepath { path: '/custom/path/.env' }
◇ injected env (0) from .env // tip: ⌘ override existing { override: true }
◇ injected env (0) from .env // tip: ◈ secrets for agents [www.dotenvx.com]
[32m[Nest] 30972  - [39m05/11/2026, 7:31:30 PM [32m    LOG[39m [38;5;3m[NestFactory] [39m[32mStarting Nest application...[39m
[32m[Nest] 30972  - [39m05/11/2026, 7:31:30 PM [32m    LOG[39m [38;5;3m[InstanceLoader] [39m[32mMongooseModule dependencies initialized[39m[38;5;3m +20ms[39m
[32m[Nest] 30972  - [39m05/11/2026, 7:31:30 PM [32m    LOG[39m [38;5;3m[InstanceLoader] [39m[32mPassportModule dependencies initialized[39m[38;5;3m +0ms[39m
[32m[Nest] 30972  - [39m05/11/2026, 7:31:30 PM [32m    LOG[39m [38;5;3m[InstanceLoader] [39m[32mConfigHostModule dependencies initialized[39m[38;5;3m +0ms[39m
[32m[Nest] 30972  - [39m05/11/2026, 7:31:30 PM [32m    LOG[39m [38;5;3m[InstanceLoader] [39m[32mAppModule dependencies initialized[39m[38;5;3m +1ms[39m
[32m[Nest] 30972  - [39m05/11/2026, 7:31:30 PM [32m    LOG[39m [38;5;3m[InstanceLoader] [39m[32mConfigModule dependencies initialized[39m[38;5;3m +0ms[39m
[32m[Nest] 30972  - [39m05/11/2026, 7:31:30 PM [32m    LOG[39m [38;5;3m[InstanceLoader] [39m[32mConfigModule dependencies initialized[39m[38;5;3m +0ms[39m
[32m[Nest] 30972  - [39m05/11/2026, 7:31:30 PM [32m    LOG[39m [38;5;3m[InstanceLoader] [39m[32mJwtModule dependencies initialized[39m[38;5;3m +56ms[39m
[31m[Nest] 30972  - [39m05/11/2026, 7:32:00 PM [31m  ERROR[39m [38;5;3m[MongooseModule] [39m[31mUnable to connect to the database. Retrying (1)...[39m
MongooseServerSelectionError: Could not connect to any servers in your MongoDB Atlas cluster. One common reason is that you're trying to access the database from an IP that isn't whitelisted. Make sure your current IP address is on your Atlas cluster's IP whitelist: https://www.mongodb.com/docs/atlas/security-whitelist/
    at _handleConnectionErrors (/home/ubuntu/Projeto-Integrador-SCC/backend/node_modules/.pnpm/mongoose@9.6.1/node_modules/mongoose/lib/connection.js:1180:11)
    at NativeConnection.asPromise (/home/ubuntu/Projeto-Integrador-SCC/backend/node_modules/.pnpm/mongoose@9.6.1/node_modules/mongoose/lib/connection.js:1643:11)
    at async <anonymous> (/home/ubuntu/Projeto-Integrador-SCC/backend/node_modules/.pnpm/@nestjs+mongoose@11.0.4_@nestjs+common@11.1.18_class-transformer@0.5.1_class-validator@_8e54ad1392d37c2249afd3725036cc06/node_modules/@nestjs/mongoose/lib/mongoose-core.module.ts:125:15)
